{"uid":"4b4757e66a1912dae1a509f688f20b0f","children":[{"name":"Test defects","children":[{"name":"selenium.common.exceptions.WebDriverException: Message: unknown error: Chrome failed to start: exited abnormally.\n  (unknown error: DevToolsActivePort file doesn't exist)\n  (The process started from chrome location /usr/bin/google-chrome is no longer running, so ChromeDriver is assuming that Chrome has crashed.)\nStacktrace:\n#0 0x55f13ccda403 <unknown>\n#1 0x55f13cae0778 <unknown>\n#2 0x55f13cb04fa9 <unknown>\n#3 0x55f13cb0012b <unknown>\n#4 0x55f13cb3b83a <unknown>\n#5 0x55f13cb358f3 <unknown>\n#6 0x55f13cb0b0d8 <unknown>\n#7 0x55f13cb0c205 <unknown>\n#8 0x55f13cd21e3d <unknown>\n#9 0x55f13cd24db6 <unknown>\n#10 0x55f13cd0b13e <unknown>\n#11 0x55f13cd259b5 <unknown>\n#12 0x55f13ccff970 <unknown>\n#13 0x55f13cd42228 <unknown>\n#14 0x55f13cd423bf <unknown>\n#15 0x55f13cd5cabe <unknown>\n#16 0x7f57200b1609 <unknown>","children":[{"name":"test_dynamic_steps","uid":"d971526675f26eab","parentUid":"ff88f1dae72a19e137fecd88f2e79115","status":"broken","time":{"start":1661104064840,"stop":1661104066411,"duration":1571},"flaky":false,"newFailed":false,"newPassed":false,"newBroken":false,"retriesCount":0,"retriesStatusChange":false,"parameters":[]}],"uid":"ff88f1dae72a19e137fecd88f2e79115"},{"name":"selenium.common.exceptions.WebDriverException: Message: unknown error: Chrome failed to start: exited abnormally.\n  (unknown error: DevToolsActivePort file doesn't exist)\n  (The process started from chrome location /usr/bin/google-chrome is no longer running, so ChromeDriver is assuming that Chrome has crashed.)\nStacktrace:\n#0 0x5558164d8403 <unknown>\n#1 0x5558162de778 <unknown>\n#2 0x555816302fa9 <unknown>\n#3 0x5558162fe12b <unknown>\n#4 0x55581633983a <unknown>\n#5 0x5558163338f3 <unknown>\n#6 0x5558163090d8 <unknown>\n#7 0x55581630a205 <unknown>\n#8 0x55581651fe3d <unknown>\n#9 0x555816522db6 <unknown>\n#10 0x55581650913e <unknown>\n#11 0x5558165239b5 <unknown>\n#12 0x5558164fd970 <unknown>\n#13 0x555816540228 <unknown>\n#14 0x5558165403bf <unknown>\n#15 0x55581655aabe <unknown>\n#16 0x7f6058f97609 <unknown>","children":[{"name":"test_decorator_steps","uid":"ccf86485258c2a91","parentUid":"1f2c007f6c3f73a94b893900a5973e25","status":"broken","time":{"start":1661104066556,"stop":1661104067259,"duration":703},"flaky":false,"newFailed":false,"newPassed":false,"newBroken":false,"retriesCount":0,"retriesStatusChange":false,"parameters":[]}],"uid":"1f2c007f6c3f73a94b893900a5973e25"},{"name":"selenium.common.exceptions.WebDriverException: Message: unknown error: Chrome failed to start: exited abnormally.\n  (unknown error: DevToolsActivePort file doesn't exist)\n  (The process started from chrome location /usr/bin/google-chrome is no longer running, so ChromeDriver is assuming that Chrome has crashed.)\nStacktrace:\n#0 0x563beaccf403 <unknown>\n#1 0x563beaad5778 <unknown>\n#2 0x563beaaf9fa9 <unknown>\n#3 0x563beaaf512b <unknown>\n#4 0x563beab3083a <unknown>\n#5 0x563beab2a8f3 <unknown>\n#6 0x563beab000d8 <unknown>\n#7 0x563beab01205 <unknown>\n#8 0x563bead16e3d <unknown>\n#9 0x563bead19db6 <unknown>\n#10 0x563bead0013e <unknown>\n#11 0x563bead1a9b5 <unknown>\n#12 0x563beacf4970 <unknown>\n#13 0x563bead37228 <unknown>\n#14 0x563bead373bf <unknown>\n#15 0x563bead51abe <unknown>\n#16 0x7f85bab86609 <unknown>","children":[{"name":"test_dynamic_labels","uid":"bd2ad74af4a1a425","parentUid":"24d531f6d2fca39bde3abc99220f567f","status":"broken","time":{"start":1661104067343,"stop":1661104068037,"duration":694},"flaky":false,"newFailed":false,"newPassed":false,"newBroken":false,"retriesCount":0,"retriesStatusChange":false,"parameters":[]}],"uid":"24d531f6d2fca39bde3abc99220f567f"},{"name":"selenium.common.exceptions.WebDriverException: Message: unknown error: Chrome failed to start: exited abnormally.\n  (unknown error: DevToolsActivePort file doesn't exist)\n  (The process started from chrome location /usr/bin/google-chrome is no longer running, so ChromeDriver is assuming that Chrome has crashed.)\nStacktrace:\n#0 0x5650eec21403 <unknown>\n#1 0x5650eea27778 <unknown>\n#2 0x5650eea4bfa9 <unknown>\n#3 0x5650eea4712b <unknown>\n#4 0x5650eea8283a <unknown>\n#5 0x5650eea7c8f3 <unknown>\n#6 0x5650eea520d8 <unknown>\n#7 0x5650eea53205 <unknown>\n#8 0x5650eec68e3d <unknown>\n#9 0x5650eec6bdb6 <unknown>\n#10 0x5650eec5213e <unknown>\n#11 0x5650eec6c9b5 <unknown>\n#12 0x5650eec46970 <unknown>\n#13 0x5650eec89228 <unknown>\n#14 0x5650eec893bf <unknown>\n#15 0x5650eeca3abe <unknown>\n#16 0x7f6789360609 <unknown>","children":[{"name":"test_decorator_labels","uid":"eaf5720ff5bb08a0","parentUid":"057cba5d954b5407f17648d84064b604","status":"broken","time":{"start":1661104068121,"stop":1661104068814,"duration":693},"flaky":false,"newFailed":false,"newPassed":false,"newBroken":false,"retriesCount":0,"retriesStatusChange":false,"parameters":[]}],"uid":"057cba5d954b5407f17648d84064b604"},{"name":"selenium.common.exceptions.WebDriverException: Message: unknown error: Chrome failed to start: exited abnormally.\n  (unknown error: DevToolsActivePort file doesn't exist)\n  (The process started from chrome location /usr/bin/google-chrome is no longer running, so ChromeDriver is assuming that Chrome has crashed.)\nStacktrace:\n#0 0x559869d18403 <unknown>\n#1 0x559869b1e778 <unknown>\n#2 0x559869b42fa9 <unknown>\n#3 0x559869b3e12b <unknown>\n#4 0x559869b7983a <unknown>\n#5 0x559869b738f3 <unknown>\n#6 0x559869b490d8 <unknown>\n#7 0x559869b4a205 <unknown>\n#8 0x559869d5fe3d <unknown>\n#9 0x559869d62db6 <unknown>\n#10 0x559869d4913e <unknown>\n#11 0x559869d639b5 <unknown>\n#12 0x559869d3d970 <unknown>\n#13 0x559869d80228 <unknown>\n#14 0x559869d803bf <unknown>\n#15 0x559869d9aabe <unknown>\n#16 0x7f13fb598609 <unknown>","children":[{"name":"test_github","uid":"29c864b6b7159156","parentUid":"c0aeb679eb9a8bae481e44707a69d596","status":"broken","time":{"start":1661104068900,"stop":1661104069589,"duration":689},"flaky":false,"newFailed":false,"newPassed":false,"newBroken":false,"retriesCount":0,"retriesStatusChange":false,"parameters":[]}],"uid":"c0aeb679eb9a8bae481e44707a69d596"},{"name":"selenium.common.exceptions.WebDriverException: Message: unknown error: Chrome failed to start: exited abnormally.\n  (unknown error: DevToolsActivePort file doesn't exist)\n  (The process started from chrome location /usr/bin/google-chrome is no longer running, so ChromeDriver is assuming that Chrome has crashed.)\nStacktrace:\n#0 0x56360af6a403 <unknown>\n#1 0x56360ad70778 <unknown>\n#2 0x56360ad94fa9 <unknown>\n#3 0x56360ad9012b <unknown>\n#4 0x56360adcb83a <unknown>\n#5 0x56360adc58f3 <unknown>\n#6 0x56360ad9b0d8 <unknown>\n#7 0x56360ad9c205 <unknown>\n#8 0x56360afb1e3d <unknown>\n#9 0x56360afb4db6 <unknown>\n#10 0x56360af9b13e <unknown>\n#11 0x56360afb59b5 <unknown>\n#12 0x56360af8f970 <unknown>\n#13 0x56360afd2228 <unknown>\n#14 0x56360afd23bf <unknown>\n#15 0x56360afecabe <unknown>\n#16 0x7f0751146609 <unknown>","children":[{"name":"test_dynamic_steps","uid":"f5e3d8e8ad04d3bd","parentUid":"914f7f6c63f85920cdd0fe216459a484","status":"broken","time":{"start":1661104069671,"stop":1661104070362,"duration":691},"flaky":false,"newFailed":false,"newPassed":false,"newBroken":false,"retriesCount":0,"retriesStatusChange":false,"parameters":[]}],"uid":"914f7f6c63f85920cdd0fe216459a484"},{"name":"selenium.common.exceptions.WebDriverException: Message: unknown error: Chrome failed to start: exited abnormally.\n  (unknown error: DevToolsActivePort file doesn't exist)\n  (The process started from chrome location /usr/bin/google-chrome is no longer running, so ChromeDriver is assuming that Chrome has crashed.)\nStacktrace:\n#0 0x55e163888403 <unknown>\n#1 0x55e16368e778 <unknown>\n#2 0x55e1636b2fa9 <unknown>\n#3 0x55e1636ae12b <unknown>\n#4 0x55e1636e983a <unknown>\n#5 0x55e1636e38f3 <unknown>\n#6 0x55e1636b90d8 <unknown>\n#7 0x55e1636ba205 <unknown>\n#8 0x55e1638cfe3d <unknown>\n#9 0x55e1638d2db6 <unknown>\n#10 0x55e1638b913e <unknown>\n#11 0x55e1638d39b5 <unknown>\n#12 0x55e1638ad970 <unknown>\n#13 0x55e1638f0228 <unknown>\n#14 0x55e1638f03bf <unknown>\n#15 0x55e16390aabe <unknown>\n#16 0x7f2678234609 <unknown>","children":[{"name":"test_decorator_steps","uid":"a585dd5d9501f9d5","parentUid":"15133c2bea0586e0bf4efedc80aab54f","status":"broken","time":{"start":1661104070465,"stop":1661104071161,"duration":696},"flaky":false,"newFailed":false,"newPassed":false,"newBroken":false,"retriesCount":0,"retriesStatusChange":false,"parameters":[]}],"uid":"15133c2bea0586e0bf4efedc80aab54f"}],"uid":"bdbf199525818fae7a8651db9eafe741"}],"name":"categories"}